d:\cg\my\myraytracer\myraytracer\debug\vc140.pdb
d:\cg\my\myraytracer\myraytracer\debug\vc140.idb
d:\cg\my\myraytracer\myraytracer\debug\mymain.obj
d:\cg\my\myraytracer\myraytracer\debug\mymatte.obj
d:\cg\my\myraytracer\myraytracer\debug\mymesh.obj
d:\cg\my\myraytracer\myraytracer\debug\mymeshtriangle.obj
d:\cg\my\myraytracer\myraytracer\debug\myperfectspecular.obj
d:\cg\my\myraytracer\myraytracer\debug\myphong.obj
d:\cg\my\myraytracer\myraytracer\debug\mypinhole.obj
d:\cg\my\myraytracer\myraytracer\debug\myplane.obj
d:\cg\my\myraytracer\myraytracer\debug\mypointlight.obj
d:\cg\my\myraytracer\myraytracer\debug\myraycast.obj
d:\cg\my\myraytracer\myraytracer\debug\myreflective.obj
d:\cg\my\myraytracer\myraytracer\debug\myrgbcolor.obj
d:\cg\my\myraytracer\myraytracer\debug\mysampler.obj
d:\cg\my\myraytracer\myraytracer\debug\myshaderec.obj
d:\cg\my\myraytracer\myraytracer\debug\mysphere.obj
d:\cg\my\myraytracer\myraytracer\debug\mytracer.obj
d:\cg\my\myraytracer\myraytracer\debug\mytriangle.obj
d:\cg\my\myraytracer\myraytracer\debug\mywhitted.obj
d:\cg\my\myraytracer\myraytracer\debug\myworld.obj
d:\cg\my\myraytracer\myraytracer\debug\test.obj
d:\cg\my\myraytracer\myraytracer\debug\myambient.obj
d:\cg\my\myraytracer\myraytracer\debug\mybbox.obj
d:\cg\my\myraytracer\myraytracer\debug\myboundmeshtriangle.obj
d:\cg\my\myraytracer\myraytracer\debug\mybrdf.obj
d:\cg\my\myraytracer\myraytracer\debug\mycamera.obj
d:\cg\my\myraytracer\myraytracer\debug\mydirectional.obj
d:\cg\my\myraytracer\myraytracer\debug\myglossyspecular.obj
d:\cg\my\myraytracer\myraytracer\debug\myjittered.obj
d:\cg\my\myraytracer\myraytracer\debug\mylambertian.obj
d:\cg\my\myraytracer\myraytracer\debug\ply.obj
d:\cg\my\myraytracer\debug\myraytracer.pdb
d:\cg\my\myraytracer\myraytracer\debug\myraytracer.tlog\cl.command.1.tlog
d:\cg\my\myraytracer\myraytracer\debug\myraytracer.tlog\cl.read.1.tlog
d:\cg\my\myraytracer\myraytracer\debug\myraytracer.tlog\cl.write.1.tlog
d:\cg\my\myraytracer\myraytracer\debug\myraytracer.tlog\link-cvtres.read.1.tlog
d:\cg\my\myraytracer\myraytracer\debug\myraytracer.tlog\link-cvtres.write.1.tlog
d:\cg\my\myraytracer\myraytracer\debug\myraytracer.tlog\link-rc.read.1.tlog
d:\cg\my\myraytracer\myraytracer\debug\myraytracer.tlog\link-rc.write.1.tlog
d:\cg\my\myraytracer\myraytracer\debug\myraytracer.tlog\link.command.1.tlog
d:\cg\my\myraytracer\myraytracer\debug\myraytracer.tlog\link.read.1.tlog
d:\cg\my\myraytracer\myraytracer\debug\myraytracer.tlog\link.write.1.tlog
